<?xml version="1.0" encoding="UTF-8" standalone="no"?><testsuite errors="0" failures="1" name="Accounts Overview" skipped="0" tests="1" time="19.01" timestamp="2025-04-10 04:20:32"><testcase name="View account balances and details"><failure message="&#10;Expected: an element that is visible&#10;     but: no matching element found by [Account Overview TABLE located with: xpath: table[id='accountTable']]" type="java.lang.AssertionError">
Expected: an element that is visible
     but: no matching element found by [Account Overview TABLE located with: xpath: table[id='accountTable']]</failure><system-err>
Expected: an element that is visible
     but: no matching element found by [Account Overview TABLE located with: xpath: table[id='accountTable']]
com.parabank.automation.questions.AccountOverviewVisible.lambda$onPage$0(AccountOverviewVisible.java:23)
com.parabank.automation.stepdefinitions.AccountsOverviewStepDefinitions.shouldSeeAccountList(AccountsOverviewStepDefinitions.java:22)
worker.org.gradle.process.internal.worker.GradleWorkerMain.run(GradleWorkerMain.java:69)
worker.org.gradle.process.internal.worker.GradleWorkerMain.main(GradleWorkerMain.java:74)
</system-err></testcase></testsuite>